TN:
SF:src\operacoes.js
FN:1,sum
FN:9,sub
FN:17,mult
FN:25,div
FN:36,pot
FN:44,raiz
FNF:6
FNH:6
FNDA:5,sum
FNDA:5,sub
FNDA:8,mult
FNDA:9,div
FNDA:10,pot
FNDA:10,raiz
DA:2,5
DA:3,1
DA:6,4
DA:10,5
DA:11,1
DA:14,4
DA:18,8
DA:19,1
DA:22,7
DA:26,9
DA:27,1
DA:29,8
DA:30,1
DA:33,7
DA:37,10
DA:38,1
DA:41,9
DA:45,10
DA:46,1
DA:49,9
DA:52,1
LF:21
LH:21
BRDA:2,0,0,1
BRDA:2,0,1,4
BRDA:2,1,0,5
BRDA:2,1,1,4
BRDA:10,2,0,1
BRDA:10,2,1,4
BRDA:10,3,0,5
BRDA:10,3,1,4
BRDA:18,4,0,1
BRDA:18,4,1,7
BRDA:18,5,0,8
BRDA:18,5,1,7
BRDA:26,6,0,1
BRDA:26,6,1,8
BRDA:29,7,0,1
BRDA:29,7,1,7
BRDA:29,8,0,8
BRDA:29,8,1,7
BRDA:37,9,0,1
BRDA:37,9,1,9
BRDA:37,10,0,10
BRDA:37,10,1,9
BRDA:45,11,0,1
BRDA:45,11,1,9
BRF:24
BRH:24
end_of_record
